This file contains any messages produced by compilers while
running configure, to aid debugging if configure makes a mistake.

It was created by bcm2835 configure 1.5, which was
generated by GNU Autoconf 2.68.  Invocation command line was

  $ ./configure 

## --------- ##
## Platform. ##
## --------- ##

hostname = raspberrypi
uname -m = armv6l
uname -r = 4.9.28+
uname -s = Linux
uname -v = #998 Mon May 15 16:50:35 BST 2017

/usr/bin/uname -p = unknown
/bin/uname -X     = unknown

/bin/arch              = unknown
/usr/bin/arch -k       = unknown
/usr/convex/getsysinfo = unknown
/usr/bin/hostinfo      = unknown
/bin/machine           = unknown
/usr/bin/oslevel       = unknown
/bin/universe          = unknown

PATH: /usr/local/sbin
PATH: /usr/local/bin
PATH: /usr/sbin
PATH: /usr/bin
PATH: /sbin
PATH: /bin


## ----------- ##
## Core tests. ##
## ----------- ##

configure:1810: checking for a BSD-compatible install
configure:1878: result: /usr/bin/install -c
configure:1889: checking whether build environment is sane
configure:1939: result: yes
configure:2080: checking for a thread-safe mkdir -p
configure:2119: result: /bin/mkdir -p
configure:2132: checking for gawk
configure:2162: result: no
configure:2132: checking for mawk
configure:2148: found /usr/bin/mawk
configure:2159: result: mawk
configure:2170: checking whether make sets $(MAKE)
configure:2192: result: yes
configure:2277: checking for doxygen
configure:2307: result: no
configure:2316: WARNING: Doxygen not found - continuing without Doxygen support
configure:2362: checking for ranlib
configure:2378: found /usr/bin/ranlib
configure:2389: result: ranlib
configure:2459: checking for gcc
configure:2475: found /usr/bin/gcc
configure:2486: result: gcc
configure:2715: checking for C compiler version
configure:2724: gcc --version >&5
gcc (Raspbian 4.9.2-10) 4.9.2
Copyright (C) 2014 Free Software Foundation, Inc.
This is free software; see the source for copying conditions.  There is NO
warranty; not even for MERCHANTABILITY or FITNESS FOR A PARTICULAR PURPOSE.

configure:2735: $? = 0
configure:2724: gcc -v >&5
Using built-in specs.
COLLECT_GCC=gcc
COLLECT_LTO_WRAPPER=/usr/lib/gcc/arm-linux-gnueabihf/4.9/lto-wrapper
Target: arm-linux-gnueabihf
Configured with: ../src/configure -v --with-pkgversion='Raspbian 4.9.2-10' --with-bugurl=file:///usr/share/doc/gcc-4.9/README.Bugs --enable-languages=c,c++,java,go,d,fortran,objc,obj-c++ --prefix=/usr --program-suffix=-4.9 --enable-shared --enable-linker-build-id --libexecdir=/usr/lib --without-included-gettext --enable-threads=posix --with-gxx-include-dir=/usr/include/c++/4.9 --libdir=/usr/lib --enable-nls --with-sysroot=/ --enable-clocale=gnu --enable-libstdcxx-debug --enable-libstdcxx-time=yes --enable-gnu-unique-object --disable-libitm --disable-libquadmath --enable-plugin --with-system-zlib --disable-browser-plugin --enable-java-awt=gtk --enable-gtk-cairo --with-java-home=/usr/lib/jvm/java-1.5.0-gcj-4.9-armhf/jre --enable-java-home --with-jvm-root-dir=/usr/lib/jvm/java-1.5.0-gcj-4.9-armhf --with-jvm-jar-dir=/usr/lib/jvm-exports/java-1.5.0-gcj-4.9-armhf --with-arch-directory=arm --with-ecj-jar=/usr/share/java/eclipse-ecj.jar --enable-objc-gc --enable-multiarch --disable-sjlj-exceptions --with-arch=armv6 --with-fpu=vfp --with-float=hard --enable-checking=release --build=arm-linux-gnueabihf --host=arm-linux-gnueabihf --target=arm-linux-gnueabihf
Thread model: posix
gcc version 4.9.2 (Raspbian 4.9.2-10) 
configure:2735: $? = 0
configure:2724: gcc -V >&5
gcc: error: unrecognized command line option '-V'
gcc: fatal error: no input files
compilation terminated.
configure:2735: $? = 4
configure:2724: gcc -qversion >&5
gcc: error: unrecognized command line option '-qversion'
gcc: fatal error: no input files
compilation terminated.
configure:2735: $? = 4
configure:2755: checking whether the C compiler works
configure:2777: gcc    conftest.c  >&5
configure:2781: $? = 0
configure:2829: result: yes
configure:2832: checking for C compiler default output file name
configure:2834: result: a.out
configure:2840: checking for suffix of executables
configure:2847: gcc -o conftest    conftest.c  >&5
configure:2851: $? = 0
configure:2873: result: 
configure:2895: checking whether we are cross compiling
configure:2903: gcc -o conftest    conftest.c  >&5
configure:2907: $? = 0
configure:2914: ./conftest
configure:2918: $? = 0
configure:2933: result: no
configure:2938: checking for suffix of object files
configure:2960: gcc -c   conftest.c >&5
configure:2964: $? = 0
configure:2985: result: o
configure:2989: checking whether we are using the GNU C compiler
configure:3008: gcc -c   conftest.c >&5
configure:3008: $? = 0
configure:3017: result: yes
configure:3026: checking whether gcc accepts -g
configure:3046: gcc -c -g  conftest.c >&5
configure:3046: $? = 0
configure:3087: result: yes
configure:3104: checking for gcc option to accept ISO C89
configure:3168: gcc  -c -g -O2  conftest.c >&5
configure:3168: $? = 0
configure:3181: result: none needed
configure:3212: checking for style of include used by make
configure:3240: result: GNU
configure:3265: checking dependency style of gcc
configure:3375: result: gcc3
configure:3539: creating ./config.status

## ---------------------- ##
## Running config.status. ##
## ---------------------- ##

This file was extended by bcm2835 config.status 1.5, which was
generated by GNU Autoconf 2.68.  Invocation command line was

  CONFIG_FILES    = 
  CONFIG_HEADERS  = 
  CONFIG_LINKS    = 
  CONFIG_COMMANDS = 
  $ ./config.status 

on raspberrypi

config.status:853: creating Makefile
config.status:853: creating src/Makefile
config.status:853: creating doc/Makefile
config.status:853: creating config.h
config.status:1082: executing depfiles commands

## ---------------- ##
## Cache variables. ##
## ---------------- ##

ac_cv_c_compiler_gnu=yes
ac_cv_env_CC_set=
ac_cv_env_CC_value=
ac_cv_env_CFLAGS_set=
ac_cv_env_CFLAGS_value=
ac_cv_env_CPPFLAGS_set=
ac_cv_env_CPPFLAGS_value=
ac_cv_env_LDFLAGS_set=
ac_cv_env_LDFLAGS_value=
ac_cv_env_LIBS_set=
ac_cv_env_LIBS_value=
ac_cv_env_build_alias_set=
ac_cv_env_build_alias_value=
ac_cv_env_host_alias_set=
ac_cv_env_host_alias_value=
ac_cv_env_target_alias_set=
ac_cv_env_target_alias_value=
ac_cv_objext=o
ac_cv_path_install='/usr/bin/install -c'
ac_cv_path_mkdir=/bin/mkdir
ac_cv_prog_AWK=mawk
ac_cv_prog_ac_ct_CC=gcc
ac_cv_prog_ac_ct_RANLIB=ranlib
ac_cv_prog_cc_c89=
ac_cv_prog_cc_g=yes
ac_cv_prog_make_make_set=yes
am_cv_CC_dependencies_compiler_type=gcc3

## ----------------- ##
## Output variables. ##
## ----------------- ##

ACLOCAL='${SHELL} /home/pi/bcm2835-1.5/missing --run aclocal-1.11'
AMDEPBACKSLASH='\'
AMDEP_FALSE='#'
AMDEP_TRUE=''
AMTAR='${SHELL} /home/pi/bcm2835-1.5/missing --run tar'
AUTOCONF='${SHELL} /home/pi/bcm2835-1.5/missing --run autoconf'
AUTOHEADER='${SHELL} /home/pi/bcm2835-1.5/missing --run autoheader'
AUTOMAKE='${SHELL} /home/pi/bcm2835-1.5/missing --run automake-1.11'
AWK='mawk'
CC='gcc'
CCDEPMODE='depmode=gcc3'
CFLAGS='-g -O2'
CPPFLAGS=''
CYGPATH_W='echo'
DEFS='-DHAVE_CONFIG_H'
DEPDIR='.deps'
DOXYGEN=''
ECHO_C=''
ECHO_N='-n'
ECHO_T=''
EXEEXT=''
HAVE_DOXYGEN_FALSE=''
HAVE_DOXYGEN_TRUE='#'
INSTALL_DATA='${INSTALL} -m 644'
INSTALL_PROGRAM='${INSTALL}'
INSTALL_SCRIPT='${INSTALL}'
INSTALL_STRIP_PROGRAM='$(install_sh) -c -s'
LDFLAGS=''
LIBOBJS=''
LIBS=''
LTLIBOBJS=''
MAKEINFO='${SHELL} /home/pi/bcm2835-1.5/missing --run makeinfo'
MKDIR_P='/bin/mkdir -p'
OBJEXT='o'
PACKAGE='bcm2835'
PACKAGE_BUGREPORT='mikem@open.com.au'
PACKAGE_NAME='bcm2835'
PACKAGE_STRING='bcm2835 1.5'
PACKAGE_TARNAME='bcm2835'
PACKAGE_URL=''
PACKAGE_VERSION='1.5'
PATH_SEPARATOR=':'
RANLIB='ranlib'
SET_MAKE=''
SHELL='/bin/bash'
STRIP=''
VERSION='1.5'
ac_ct_CC='gcc'
am__EXEEXT_FALSE=''
am__EXEEXT_TRUE='#'
am__fastdepCC_FALSE='#'
am__fastdepCC_TRUE=''
am__include='include'
am__isrc=''
am__leading_dot='.'
am__quote=''
am__tar='${AMTAR} chof - "$$tardir"'
am__untar='${AMTAR} xf -'
bindir='${exec_prefix}/bin'
build_alias=''
datadir='${datarootdir}'
datarootdir='${prefix}/share'
docdir='${datarootdir}/doc/${PACKAGE_TARNAME}'
dvidir='${docdir}'
exec_prefix='${prefix}'
host_alias=''
htmldir='${docdir}'
includedir='${prefix}/include'
infodir='${datarootdir}/info'
install_sh='${SHELL} /home/pi/bcm2835-1.5/install-sh'
libdir='${exec_prefix}/lib'
libexecdir='${exec_prefix}/libexec'
localedir='${datarootdir}/locale'
localstatedir='${prefix}/var'
mandir='${datarootdir}/man'
mkdir_p='/bin/mkdir -p'
oldincludedir='/usr/include'
pdfdir='${docdir}'
prefix='/usr/local'
program_transform_name='s,x,x,'
psdir='${docdir}'
sbindir='${exec_prefix}/sbin'
sharedstatedir='${prefix}/com'
sysconfdir='${prefix}/etc'
target_alias=''

## ----------- ##
## confdefs.h. ##
## ----------- ##

/* confdefs.h */
#define PACKAGE_NAME "bcm2835"
#define PACKAGE_TARNAME "bcm2835"
#define PACKAGE_VERSION "1.5"
#define PACKAGE_STRING "bcm2835 1.5"
#define PACKAGE_BUGREPORT "mikem@open.com.au"
#define PACKAGE_URL ""
#define PACKAGE "bcm2835"
#define VERSION "1.5"

configure: exit 0
